<?xml version="1.0" encoding="UTF-8"?>
<testExecutions version="1">
  <file path="/home/travis/build/rodriguesl3/spotify-react-redux/src/redux-flow/actions/login-action.test.js">
    <testCase name="is development environment" duration="3"/>
  </file>
  <file path="/home/travis/build/rodriguesl3/spotify-react-redux/src/containers/App.test.jsx">
    <testCase name="App snaphot test" duration="17"/>
  </file>
</testExecutions>